0 info it worked if it ends with ok
1 verbose cli [ '/usr/local/Cellar/node/8.9.0/bin/node',
1 verbose cli   '/users/jjblack/.npm-packages/bin/npm',
1 verbose cli   'run',
1 verbose cli   'index.js' ]
2 info using npm@3.8.7
3 info using node@v8.9.0
4 verbose stack Error: missing script: index.js
4 verbose stack     at run (/users/jjblack/.npm-packages/lib/node_modules/npm/lib/run-script.js:147:19)
4 verbose stack     at /users/jjblack/.npm-packages/lib/node_modules/npm/lib/run-script.js:57:5
4 verbose stack     at /users/jjblack/.npm-packages/lib/node_modules/npm/node_modules/read-package-json/read-json.js:345:5
4 verbose stack     at checkBinReferences_ (/users/jjblack/.npm-packages/lib/node_modules/npm/node_modules/read-package-json/read-json.js:309:45)
4 verbose stack     at final (/users/jjblack/.npm-packages/lib/node_modules/npm/node_modules/read-package-json/read-json.js:343:3)
4 verbose stack     at then (/users/jjblack/.npm-packages/lib/node_modules/npm/node_modules/read-package-json/read-json.js:113:5)
4 verbose stack     at /users/jjblack/.npm-packages/lib/node_modules/npm/node_modules/read-package-json/read-json.js:300:12
4 verbose stack     at /users/jjblack/.npm-packages/lib/node_modules/npm/node_modules/graceful-fs/graceful-fs.js:78:16
4 verbose stack     at FSReqWrap.readFileAfterClose [as oncomplete] (fs.js:511:3)
5 verbose cwd /Users/jjblack/Dev/giveRocket-graphql
6 error Darwin 17.4.0
7 error argv "/usr/local/Cellar/node/8.9.0/bin/node" "/users/jjblack/.npm-packages/bin/npm" "run" "index.js"
8 error node v8.9.0
9 error npm  v3.8.7
10 error missing script: index.js
11 error If you need help, you may report this error at:
11 error     <https://github.com/npm/npm/issues>
12 verbose exit [ 1, true ]
